f:\学习\大三下\卫星导航算法实习2\realtimekinematic\debug\vc142.pdb
f:\学习\大三下\卫星导航算法实习2\realtimekinematic\debug\vc142.idb
f:\学习\大三下\卫星导航算法实习2\realtimekinematic\debug\time.obj
f:\学习\大三下\卫星导航算法实习2\realtimekinematic\debug\spp_spv.obj
f:\学习\大三下\卫星导航算法实习2\realtimekinematic\debug\satpos.obj
f:\学习\大三下\卫星导航算法实习2\realtimekinematic\debug\rtk.obj
f:\学习\大三下\卫星导航算法实习2\realtimekinematic\debug\matrix.obj
f:\学习\大三下\卫星导航算法实习2\realtimekinematic\debug\main.obj
f:\学习\大三下\卫星导航算法实习2\realtimekinematic\debug\lambda.obj
f:\学习\大三下\卫星导航算法实习2\realtimekinematic\debug\errorcorrect.obj
f:\学习\大三下\卫星导航算法实习2\realtimekinematic\debug\decoder.obj
f:\学习\大三下\卫星导航算法实习2\realtimekinematic\debug\coordinate.obj
f:\学习\大三下\卫星导航算法实习2\realtimekinematic\debug\realtimekinematic.exe
f:\学习\大三下\卫星导航算法实习2\realtimekinematic\debug\realtimekinematic.ilk
f:\学习\大三下\卫星导航算法实习2\realtimekinematic\debug\realtimekinematic.pdb
f:\学习\大三下\卫星导航算法实习2\realtimekinematic\debug\realtime.d4502c18.tlog\cl.command.1.tlog
f:\学习\大三下\卫星导航算法实习2\realtimekinematic\debug\realtime.d4502c18.tlog\cl.read.1.tlog
f:\学习\大三下\卫星导航算法实习2\realtimekinematic\debug\realtime.d4502c18.tlog\cl.write.1.tlog
f:\学习\大三下\卫星导航算法实习2\realtimekinematic\debug\realtime.d4502c18.tlog\link.command.1.tlog
f:\学习\大三下\卫星导航算法实习2\realtimekinematic\debug\realtime.d4502c18.tlog\link.read.1.tlog
f:\学习\大三下\卫星导航算法实习2\realtimekinematic\debug\realtime.d4502c18.tlog\link.write.1.tlog
